# JRE version: OpenJDK Runtime Environment (17.0.5+8) (build 17.0.5+8-Ubuntu-2ubuntu122.04)
# Java VM: OpenJDK 64-Bit Server VM (17.0.5+8-Ubuntu-2ubuntu122.04, mixed mode, sharing, tiered, compressed oops, compressed class ptrs, g1 gc, linux-amd64)
GC Precious Log:
 CPUs: 16 total, 16 available
 Memory: 31971M
 Large Page Support: Disabled
 NUMA Support: Disabled
 Compressed Oops: Enabled (32-bit)
 Heap Region Size: 1M
 Heap Min Capacity: 8M
 Heap Initial Capacity: 500M
 Heap Max Capacity: 512M
 Pre-touch: Disabled
 Parallel Workers: 13
 Concurrent Workers: 3
 Concurrent Refinement Workers: 13
 Periodic GC: Disabled
Heap:
 garbage-first heap   total 514048K, used 22872K [0x00000000e0000000, 0x0000000100000000)
  region size 1024K, 19 young (19456K), 5 survivors (5120K)
 Metaspace       used 18235K, committed 18560K, reserved 1073152K
  class space    used 1980K, committed 2112K, reserved 1048576K
GC Heap History (6 events):
Event: 0,218 GC heap before
{Heap before GC invocations=0 (full 0):
 garbage-first heap   total 514048K, used 26600K [0x00000000e0000000, 0x0000000100000000)
  region size 1024K, 25 young (25600K), 0 survivors (0K)
 Metaspace       used 3530K, committed 3712K, reserved 1056768K
  class space    used 347K, committed 448K, reserved 1048576K
}
Event: 0,219 GC heap after
{Heap after GC invocations=1 (full 0):
 garbage-first heap   total 514048K, used 5134K [0x00000000e0000000, 0x0000000100000000)
  region size 1024K, 4 young (4096K), 4 survivors (4096K)
 Metaspace       used 3530K, committed 3712K, reserved 1056768K
  class space    used 347K, committed 448K, reserved 1048576K
}
Event: 0,415 GC heap before
{Heap before GC invocations=1 (full 0):
 garbage-first heap   total 514048K, used 44046K [0x00000000e0000000, 0x0000000100000000)
  region size 1024K, 42 young (43008K), 4 survivors (4096K)
 Metaspace       used 7481K, committed 7616K, reserved 1056768K
  class space    used 842K, committed 896K, reserved 1048576K
}
Event: 0,417 GC heap after
{Heap after GC invocations=2 (full 0):
 garbage-first heap   total 514048K, used 7211K [0x00000000e0000000, 0x0000000100000000)
  region size 1024K, 3 young (3072K), 3 survivors (3072K)
 Metaspace       used 7481K, committed 7616K, reserved 1056768K
  class space    used 842K, committed 896K, reserved 1048576K
}
Event: 1,060 GC heap before
{Heap before GC invocations=2 (full 0):
 garbage-first heap   total 514048K, used 207915K [0x00000000e0000000, 0x0000000100000000)
  region size 1024K, 197 young (201728K), 3 survivors (3072K)
 Metaspace       used 17639K, committed 17920K, reserved 1064960K
  class space    used 1927K, committed 2048K, reserved 1048576K
}
Event: 1,062 GC heap after
{Heap after GC invocations=3 (full 0):
 garbage-first heap   total 514048K, used 9560K [0x00000000e0000000, 0x0000000100000000)
  region size 1024K, 5 young (5120K), 5 survivors (5120K)
 Metaspace       used 17639K, committed 17920K, reserved 1064960K
  class space    used 1927K, committed 2048K, reserved 1048576K
}

